<?xml version="1.0" encoding="UTF-8" ?>
<testsuite tests="70" failures="0" name="runner.RunnerTest" time="10.227" errors="0" skipped="0">
  <properties>
[...]
</properties>
  <testcase classname="| vara_789 |  | natureza_789 | parte_789 | Numero processo não pode ser deixado em branco |" name="Given user should be in home page" time="0.004"/>
  <testcase classname="| vara_789 |  | natureza_789 | parte_789 | Numero processo não pode ser deixado em branco |" name="And user click in button &quot;btn-novo&quot;" time="0"/>
  <testcase classname="| vara_789 |  | natureza_789 | parte_789 | Numero processo não pode ser deixado em branco |" name="And fill select field with value &quot;S&quot;" time="0"/>
  <testcase classname="| vara_789 |  | natureza_789 | parte_789 | Numero processo não pode ser deixado em branco |" name="And fill option field with value &quot;S&quot;" time="0"/>
  <testcase classname="| vara_789 |  | natureza_789 | parte_789 | Numero processo não pode ser deixado em branco |" name="And fill field &quot;processo_data_entrada&quot; with value &quot;04/07/2020&quot;" time="0"/>
  <testcase classname="| vara_789 |  | natureza_789 | parte_789 | Numero processo não pode ser deixado em branco |" name="And fill field &quot;processo_status&quot; with value &quot;status_999&quot;" time="0"/>
  <testcase classname="| vara_789 |  | natureza_789 | parte_789 | Numero processo não pode ser deixado em branco |" name="And fill field &quot;processo_vara&quot; with value &quot;vara_789&quot;" time="0"/>
  <testcase classname="| vara_789 |  | natureza_789 | parte_789 | Numero processo não pode ser deixado em branco |" name="And fill field &quot;processo_numero_processo&quot; with value &quot;&quot;" time="0"/>
  <testcase classname="| vara_789 |  | natureza_789 | parte_789 | Numero processo não pode ser deixado em branco |" name="And fill field &quot;processo_natureza&quot; with value &quot;natureza_789&quot;" time="0"/>
  <testcase classname="| vara_789 |  | natureza_789 | parte_789 | Numero processo não pode ser deixado em branco |" name="And fill field &quot;processo_partes&quot; with value &quot;parte_789&quot;" time="0"/>
  <testcase classname="| vara_789 |  | natureza_789 | parte_789 | Numero processo não pode ser deixado em branco |" name="When user click in button &quot;btn-save&quot;" time="0"/>
  <testcase classname="| vara_789 |  | natureza_789 | parte_789 | Numero processo não pode ser deixado em branco |" name="Then user should see the alert  &quot;Numero processo não pode ser deixado em branco&quot;" time="0.001"/>
  <testcase classname="| vara_789 |  | natureza_789 | parte_789 | Numero processo não pode ser deixado em branco |" name="| vara_789 |  | natureza_789 | parte_789 | Numero processo não pode ser deixado em branco |" time="1.601"/>
  <testcase classname="|  | numero_79 | natureza_789 | parte_789 | Vara não pode ser deixado em branco |" name="Given user should be in home page" time="0"/>
  <testcase classname="|  | numero_79 | natureza_789 | parte_789 | Vara não pode ser deixado em branco |" name="And user click in button &quot;btn-novo&quot;" time="0"/>
  <testcase classname="|  | numero_79 | natureza_789 | parte_789 | Vara não pode ser deixado em branco |" name="And fill select field with value &quot;S&quot;" time="0"/>
  <testcase classname="|  | numero_79 | natureza_789 | parte_789 | Vara não pode ser deixado em branco |" name="And fill option field with value &quot;S&quot;" time="0"/>
  <testcase classname="|  | numero_79 | natureza_789 | parte_789 | Vara não pode ser deixado em branco |" name="And fill field &quot;processo_data_entrada&quot; with value &quot;04/07/2020&quot;" time="0"/>
  <testcase classname="|  | numero_79 | natureza_789 | parte_789 | Vara não pode ser deixado em branco |" name="And fill field &quot;processo_status&quot; with value &quot;status_999&quot;" time="0"/>
  <testcase classname="|  | numero_79 | natureza_789 | parte_789 | Vara não pode ser deixado em branco |" name="And fill field &quot;processo_vara&quot; with value &quot;&quot;" time="0"/>
  <testcase classname="|  | numero_79 | natureza_789 | parte_789 | Vara não pode ser deixado em branco |" name="And fill field &quot;processo_numero_processo&quot; with value &quot;numero_79&quot;" time="0"/>
  <testcase classname="|  | numero_79 | natureza_789 | parte_789 | Vara não pode ser deixado em branco |" name="And fill field &quot;processo_natureza&quot; with value &quot;natureza_789&quot;" time="0.001"/>
  <testcase classname="|  | numero_79 | natureza_789 | parte_789 | Vara não pode ser deixado em branco |" name="And fill field &quot;processo_partes&quot; with value &quot;parte_789&quot;" time="0"/>
  <testcase classname="|  | numero_79 | natureza_789 | parte_789 | Vara não pode ser deixado em branco |" name="When user click in button &quot;btn-save&quot;" time="0"/>
  <testcase classname="|  | numero_79 | natureza_789 | parte_789 | Vara não pode ser deixado em branco |" name="Then user should see the alert  &quot;Vara não pode ser deixado em branco&quot;" time="0"/>
  <testcase classname="|  | numero_79 | natureza_789 | parte_789 | Vara não pode ser deixado em branco |" name="|  | numero_79 | natureza_789 | parte_789 | Vara não pode ser deixado em branco |" time="1.437"/>
  <testcase classname="| vara_789 | numero_79 |  | parte_789 | Natureza não pode ser deixado em branco |" name="Given user should be in home page" time="0"/>
  <testcase classname="| vara_789 | numero_79 |  | parte_789 | Natureza não pode ser deixado em branco |" name="And user click in button &quot;btn-novo&quot;" time="0"/>
  <testcase classname="| vara_789 | numero_79 |  | parte_789 | Natureza não pode ser deixado em branco |" name="And fill select field with value &quot;S&quot;" time="0"/>
  <testcase classname="| vara_789 | numero_79 |  | parte_789 | Natureza não pode ser deixado em branco |" name="And fill option field with value &quot;S&quot;" time="0"/>
  <testcase classname="| vara_789 | numero_79 |  | parte_789 | Natureza não pode ser deixado em branco |" name="And fill field &quot;processo_data_entrada&quot; with value &quot;04/07/2020&quot;" time="0"/>
  <testcase classname="| vara_789 | numero_79 |  | parte_789 | Natureza não pode ser deixado em branco |" name="And fill field &quot;processo_status&quot; with value &quot;status_999&quot;" time="0"/>
  <testcase classname="| vara_789 | numero_79 |  | parte_789 | Natureza não pode ser deixado em branco |" name="And fill field &quot;processo_vara&quot; with value &quot;vara_789&quot;" time="0"/>
  <testcase classname="| vara_789 | numero_79 |  | parte_789 | Natureza não pode ser deixado em branco |" name="And fill field &quot;processo_numero_processo&quot; with value &quot;numero_79&quot;" time="0"/>
  <testcase classname="| vara_789 | numero_79 |  | parte_789 | Natureza não pode ser deixado em branco |" name="And fill field &quot;processo_natureza&quot; with value &quot;&quot;" time="0"/>
  <testcase classname="| vara_789 | numero_79 |  | parte_789 | Natureza não pode ser deixado em branco |" name="And fill field &quot;processo_partes&quot; with value &quot;parte_789&quot;" time="0"/>
  <testcase classname="| vara_789 | numero_79 |  | parte_789 | Natureza não pode ser deixado em branco |" name="When user click in button &quot;btn-save&quot;" time="0"/>
  <testcase classname="| vara_789 | numero_79 |  | parte_789 | Natureza não pode ser deixado em branco |" name="Then user should see the alert  &quot;Natureza não pode ser deixado em branco&quot;" time="0"/>
  <testcase classname="| vara_789 | numero_79 |  | parte_789 | Natureza não pode ser deixado em branco |" name="| vara_789 | numero_79 |  | parte_789 | Natureza não pode ser deixado em branco |" time="1.449"/>
  <testcase classname="Scenario: user want to register a new process" name="Given user should be in home page" time="0"/>
  <testcase classname="Scenario: user want to register a new process" name="And user click in button &quot;btn-novo&quot;" time="0"/>
  <testcase classname="Scenario: user want to register a new process" name="And fill select field with value &quot;S&quot;" time="0"/>
  <testcase classname="Scenario: user want to register a new process" name="And fill option field with value &quot;S&quot;" time="0"/>
  <testcase classname="Scenario: user want to register a new process" name="And fill field &quot;processo_data_entrada&quot; with value &quot;04/07/2020&quot;" time="0"/>
  <testcase classname="Scenario: user want to register a new process" name="And fill field &quot;processo_status&quot; with value &quot;status_999&quot;" time="0"/>
  <testcase classname="Scenario: user want to register a new process" name="And fill field &quot;processo_vara&quot; with value &quot;vara_789&quot;" time="0"/>
  <testcase classname="Scenario: user want to register a new process" name="And fill field &quot;processo_numero_processo&quot; with value &quot;processo_789&quot;" time="0"/>
  <testcase classname="Scenario: user want to register a new process" name="And fill field &quot;processo_natureza&quot; with value &quot;natureza_789&quot;" time="0"/>
  <testcase classname="Scenario: user want to register a new process" name="And fill field &quot;processo_partes&quot; with value &quot;parte_789&quot;" time="0"/>
  <testcase classname="Scenario: user want to register a new process" name="When user click in button &quot;btn-save&quot;" time="0"/>
  <testcase classname="Scenario: user want to register a new process" name="Then user should see the message &quot;Processo foi criado com sucesso.&quot;" time="0"/>
  <testcase classname="Scenario: user want to register a new process" name="Scenario: user want to register a new process" time="1.342"/>
  <testcase classname="Scenario: user must delete a process" name="Given user should be in home page" time="0"/>
  <testcase classname="Scenario: user must delete a process" name="When user click in first delete button" time="0"/>
  <testcase classname="Scenario: user must delete a process" name="And user answer yes in the confirm box" time="0"/>
  <testcase classname="Scenario: user must delete a process" name="Then home page should reload" time="0"/>
  <testcase classname="Scenario: user must delete a process" name="Scenario: user must delete a process" time="1.423"/>
  <testcase classname="Scenario: user want to see a specific process" name="Given user should be in home page" time="0"/>
  <testcase classname="Scenario: user want to see a specific process" name="And user are in the home page" time="0"/>
  <testcase classname="Scenario: user want to see a specific process" name="When user click in button &quot;btn-show_1795&quot;" time="0"/>
  <testcase classname="Scenario: user want to see a specific process" name="Given user click in edit button" time="0"/>
  <testcase classname="Scenario: user want to see a specific process" name="When fill field &quot;processo_observacao&quot; with value &quot;value updated by automated teste&quot;" time="0"/>
  <testcase classname="Scenario: user want to see a specific process" name="And user click in button &quot;btn-save&quot;" time="0"/>
  <testcase classname="Scenario: user want to see a specific process" name="Then user should see the message &quot;Processo atualizado com sucesso.&quot;" time="0"/>
  <testcase classname="Scenario: user want to see a specific process" name="Scenario: user want to see a specific process" time="1.432"/>
  <testcase classname="Scenario: user want to see a specific process" name="Given user should be in home page" time="0"/>
  <testcase classname="Scenario: user want to see a specific process" name="Given user are in the home page" time="0"/>
  <testcase classname="Scenario: user want to see a specific process" name="When user click in button &quot;btn-show_1795&quot;" time="0"/>
  <testcase classname="Scenario: user want to see a specific process" name="Then user should see the &quot;span#codigo&quot; equal &quot;1795&quot;" time="0"/>
  <testcase classname="Scenario: user want to see a specific process" name="Scenario: user want to see a specific process" time="1.537"/>
</testsuite>